<?xml version="1.0" encoding="UTF-8" ?>
<testsuites disabled="0" errors="0" failures="7" tests="19" time="164.943">
 <testsuite name="Checking the Home page Functionalities" timestamp="2019-04-16T23:22:49" hostname="localhost" time="131.541" errors="0" tests="13" skipped="0" disabled="0" failures="5">
  <testcase classname="Checking the Home page Functionalities" name="first step is to check the successful log in " time="26.421" />
  <testcase classname="Checking the Home page Functionalities" name="Checking home page button" time="7.733" />
  <testcase classname="Checking the Home page Functionalities" name="Checking website logo button" time="7.757" />
  <testcase classname="Checking the Home page Functionalities" name="Checking the successful transfer from home page to the profile page " time="7.759" />
  <testcase classname="Checking the Home page Functionalities" name="Checking the successful transfer from home page to the followers page" time="8.198" />
  <testcase classname="Checking the Home page Functionalities" name="Checking the successful transfer from home page to the following page" time="7.792" />
  <testcase classname="Checking the Home page Functionalities" name="Checking the successful transfer from home page to the AboutUS page" time="7.761" />
  <testcase classname="Checking the Home page Functionalities" name="Checking the successful transfer from home page to the my books page" time="8.859" />
  <testcase classname="Checking the Home page Functionalities" name="Checking the appearance of unfollow word " time="14.218">
   <failure type="toEqual" message="Expected &apos;Follow Nour&apos; to equal &apos;Unfollow test&apos;."><![CDATA[Error: Failed expectation
    at UserContext.<anonymous> (E:\College\2nd Year\2nd term\Software Engineering\Project\Protractor\TestingTeam\Specs\homePageSpec.js:153:36)
    at C:\Users\Lenovo\AppData\Roaming\npm\node_modules\protractor\node_modules\jasminewd2\index.js:112:25
    at new ManagedPromise (C:\Users\Lenovo\AppData\Roaming\npm\node_modules\protractor\node_modules\selenium-webdriver\lib\promise.js:1077:7)
    at ControlFlow.promise (C:\Users\Lenovo\AppData\Roaming\npm\node_modules\protractor\node_modules\selenium-webdriver\lib\promise.js:2505:12)
    at schedulerExecute (C:\Users\Lenovo\AppData\Roaming\npm\node_modules\protractor\node_modules\jasminewd2\index.js:95:18)
    at TaskQueue.execute_ (C:\Users\Lenovo\AppData\Roaming\npm\node_modules\protractor\node_modules\selenium-webdriver\lib\promise.js:3084:14)
    at TaskQueue.executeNext_ (C:\Users\Lenovo\AppData\Roaming\npm\node_modules\protractor\node_modules\selenium-webdriver\lib\promise.js:3067:27)
    at asyncRun (C:\Users\Lenovo\AppData\Roaming\npm\node_modules\protractor\node_modules\selenium-webdriver\lib\promise.js:2927:27)
    at C:\Users\Lenovo\AppData\Roaming\npm\node_modules\protractor\node_modules\selenium-webdriver\lib\promise.js:668:7]]>
   </failure>
  </testcase>
  <testcase classname="Checking the Home page Functionalities" name="Checking the appearance of follow word " time="9.111">
   <failure type="toEqual" message="Expected &apos;Follow Nour&apos; to equal &apos;follow test&apos;."><![CDATA[Error: Failed expectation
    at UserContext.<anonymous> (E:\College\2nd Year\2nd term\Software Engineering\Project\Protractor\TestingTeam\Specs\homePageSpec.js:164:36)
    at C:\Users\Lenovo\AppData\Roaming\npm\node_modules\protractor\node_modules\jasminewd2\index.js:112:25
    at new ManagedPromise (C:\Users\Lenovo\AppData\Roaming\npm\node_modules\protractor\node_modules\selenium-webdriver\lib\promise.js:1077:7)
    at ControlFlow.promise (C:\Users\Lenovo\AppData\Roaming\npm\node_modules\protractor\node_modules\selenium-webdriver\lib\promise.js:2505:12)
    at schedulerExecute (C:\Users\Lenovo\AppData\Roaming\npm\node_modules\protractor\node_modules\jasminewd2\index.js:95:18)
    at TaskQueue.execute_ (C:\Users\Lenovo\AppData\Roaming\npm\node_modules\protractor\node_modules\selenium-webdriver\lib\promise.js:3084:14)
    at TaskQueue.executeNext_ (C:\Users\Lenovo\AppData\Roaming\npm\node_modules\protractor\node_modules\selenium-webdriver\lib\promise.js:3067:27)
    at asyncRun (C:\Users\Lenovo\AppData\Roaming\npm\node_modules\protractor\node_modules\selenium-webdriver\lib\promise.js:2927:27)
    at C:\Users\Lenovo\AppData\Roaming\npm\node_modules\protractor\node_modules\selenium-webdriver\lib\promise.js:668:7]]>
   </failure>
  </testcase>
  <testcase classname="Checking the Home page Functionalities" name="Checking the appearance of &quot;Read&quot; " time="9.149" />
  <testcase classname="Checking the Home page Functionalities" name="Checking the appearance of &quot;Want to Read&quot; " time="8.206">
   <failure type="toEqual" message="Expected &apos;Read&apos; to equal &apos;Want to Read&apos;."><![CDATA[Error: Failed expectation
    at UserContext.<anonymous> (E:\College\2nd Year\2nd term\Software Engineering\Project\Protractor\TestingTeam\Specs\homePageSpec.js:192:33)
    at C:\Users\Lenovo\AppData\Roaming\npm\node_modules\protractor\node_modules\jasminewd2\index.js:112:25
    at new ManagedPromise (C:\Users\Lenovo\AppData\Roaming\npm\node_modules\protractor\node_modules\selenium-webdriver\lib\promise.js:1077:7)
    at ControlFlow.promise (C:\Users\Lenovo\AppData\Roaming\npm\node_modules\protractor\node_modules\selenium-webdriver\lib\promise.js:2505:12)
    at schedulerExecute (C:\Users\Lenovo\AppData\Roaming\npm\node_modules\protractor\node_modules\jasminewd2\index.js:95:18)
    at TaskQueue.execute_ (C:\Users\Lenovo\AppData\Roaming\npm\node_modules\protractor\node_modules\selenium-webdriver\lib\promise.js:3084:14)
    at TaskQueue.executeNext_ (C:\Users\Lenovo\AppData\Roaming\npm\node_modules\protractor\node_modules\selenium-webdriver\lib\promise.js:3067:27)
    at asyncRun (C:\Users\Lenovo\AppData\Roaming\npm\node_modules\protractor\node_modules\selenium-webdriver\lib\promise.js:2927:27)
    at C:\Users\Lenovo\AppData\Roaming\npm\node_modules\protractor\node_modules\selenium-webdriver\lib\promise.js:668:7]]>
   </failure>
  </testcase>
  <testcase classname="Checking the Home page Functionalities" name="Checking the appearance of &quot;Currently reading&quot; " time="8.575">
   <failure type="exception" message="Error: ENOENT: no such file or directory, open &apos;E:\College\2nd Year\2nd term\Software Engineering\Project\Protractor\TestingTeam\reports\dashboardReport\chrome-Checking the Home page Functionalities Checking the appearance of &quot;Want to Read&quot; .png&apos;"><![CDATA[Error: ENOENT: no such file or directory, open 'E:\College\2nd Year\2nd term\Software Engineering\Project\Protractor\TestingTeam\reports\dashboardReport\chrome-Checking the Home page Functionalities Checking the appearance of "Want to Read" .png']]>
   </failure>
   <failure type="toEqual" message="Expected &apos;Read&apos; to equal &apos;Currently Reading&apos;."><![CDATA[Error: Failed expectation
    at UserContext.<anonymous> (E:\College\2nd Year\2nd term\Software Engineering\Project\Protractor\TestingTeam\Specs\homePageSpec.js:204:33)
    at C:\Users\Lenovo\AppData\Roaming\npm\node_modules\protractor\node_modules\jasminewd2\index.js:112:25
    at new ManagedPromise (C:\Users\Lenovo\AppData\Roaming\npm\node_modules\protractor\node_modules\selenium-webdriver\lib\promise.js:1077:7)
    at ControlFlow.promise (C:\Users\Lenovo\AppData\Roaming\npm\node_modules\protractor\node_modules\selenium-webdriver\lib\promise.js:2505:12)
    at schedulerExecute (C:\Users\Lenovo\AppData\Roaming\npm\node_modules\protractor\node_modules\jasminewd2\index.js:95:18)
    at TaskQueue.execute_ (C:\Users\Lenovo\AppData\Roaming\npm\node_modules\protractor\node_modules\selenium-webdriver\lib\promise.js:3084:14)
    at TaskQueue.executeNext_ (C:\Users\Lenovo\AppData\Roaming\npm\node_modules\protractor\node_modules\selenium-webdriver\lib\promise.js:3067:27)
    at asyncRun (C:\Users\Lenovo\AppData\Roaming\npm\node_modules\protractor\node_modules\selenium-webdriver\lib\promise.js:2927:27)
    at C:\Users\Lenovo\AppData\Roaming\npm\node_modules\protractor\node_modules\selenium-webdriver\lib\promise.js:668:7]]>
   </failure>
  </testcase>
 </testsuite>
 <testsuite name="Checking the Profile page Functionalities" timestamp="2019-04-16T23:25:01" hostname="localhost" time="33.402" errors="0" tests="6" skipped="0" disabled="0" failures="2">
  <testcase classname="Checking the Profile page Functionalities" name="redirect to profile" time="4.149">
   <failure type="exception" message="Error: ENOENT: no such file or directory, open &apos;E:\College\2nd Year\2nd term\Software Engineering\Project\Protractor\TestingTeam\reports\dashboardReport\chrome-Checking the Home page Functionalities Checking the appearance of &quot;Currently reading&quot; .png&apos;"><![CDATA[Error: ENOENT: no such file or directory, open 'E:\College\2nd Year\2nd term\Software Engineering\Project\Protractor\TestingTeam\reports\dashboardReport\chrome-Checking the Home page Functionalities Checking the appearance of "Currently reading" .png']]>
   </failure>
  </testcase>
  <testcase classname="Checking the Profile page Functionalities" name="Checking the profile name in the details section" time="9.046" />
  <testcase classname="Checking the Profile page Functionalities" name="Checking the profile name in the book shelf section" time="5.187" />
  <testcase classname="Checking the Profile page Functionalities" name="Checking the profile name in the currently reading section" time="5.131" />
  <testcase classname="Checking the Profile page Functionalities" name="Checking the profile name in the recent updates section" time="5.171" />
  <testcase classname="Checking the Profile page Functionalities" name="Should be directed to myBooks page" time="4.717">
   <failure type="exception" message="Failed: unknown error: Element &lt;a _ngcontent-c6=&quot;&quot; id=&quot;bookShelvesmore&quot; ng-reflect-router-link=&quot;/myBooks&quot; href=&quot;/app/myBooks&quot;&gt;...&lt;/a&gt; is not clickable at point (737, 567). Other element would receive the click: &lt;div _ngcontent-c6=&quot;&quot; class=&quot;col-md-4&quot;&gt;...&lt;/div&gt;
  (Session info: chrome=73.0.3683.103)
  (Driver info: chromedriver=2.46.628402 (536cd7adbad73a3783fdc2cab92ab2ba7ec361e1),platform=Windows NT 10.0.17134 x86_64)"><![CDATA[WebDriverError: unknown error: Element <a _ngcontent-c6="" id="bookShelvesmore" ng-reflect-router-link="/myBooks" href="/app/myBooks">...</a> is not clickable at point (737, 567). Other element would receive the click: <div _ngcontent-c6="" class="col-md-4">...</div>
  (Session info: chrome=73.0.3683.103)
  (Driver info: chromedriver=2.46.628402 (536cd7adbad73a3783fdc2cab92ab2ba7ec361e1),platform=Windows NT 10.0.17134 x86_64)
    at Object.checkLegacyResponse (C:\Users\Lenovo\AppData\Roaming\npm\node_modules\protractor\node_modules\selenium-webdriver\lib\error.js:546:15)
    at parseHttpResponse (C:\Users\Lenovo\AppData\Roaming\npm\node_modules\protractor\node_modules\selenium-webdriver\lib\http.js:509:13)
    at doSend.then.response (C:\Users\Lenovo\AppData\Roaming\npm\node_modules\protractor\node_modules\selenium-webdriver\lib\http.js:441:30)
    at process._tickCallback (internal/process/next_tick.js:68:7)
From: Task: WebElement.click()
    at ControlFlow.browser.driver.controlFlow.execute (E:\College\2nd Year\2nd term\Software Engineering\Project\Protractor\TestingTeam\Specs\homePageSpec.js:12:15)
    at thenableWebDriverProxy.schedule (C:\Users\Lenovo\AppData\Roaming\npm\node_modules\protractor\node_modules\selenium-webdriver\lib\webdriver.js:807:17)
    at WebElement.schedule_ (C:\Users\Lenovo\AppData\Roaming\npm\node_modules\protractor\node_modules\selenium-webdriver\lib\webdriver.js:2010:25)
    at WebElement.click (C:\Users\Lenovo\AppData\Roaming\npm\node_modules\protractor\node_modules\selenium-webdriver\lib\webdriver.js:2092:17)
    at actionFn (C:\Users\Lenovo\AppData\Roaming\npm\node_modules\protractor\built\element.js:89:44)
    at Array.map (<anonymous>)
    at actionResults.getWebElements.then (C:\Users\Lenovo\AppData\Roaming\npm\node_modules\protractor\built\element.js:461:65)
    at ManagedPromise.invokeCallback_ (C:\Users\Lenovo\AppData\Roaming\npm\node_modules\protractor\node_modules\selenium-webdriver\lib\promise.js:1376:14)
    at TaskQueue.execute_ (C:\Users\Lenovo\AppData\Roaming\npm\node_modules\protractor\node_modules\selenium-webdriver\lib\promise.js:3084:14)
    at TaskQueue.executeNext_ (C:\Users\Lenovo\AppData\Roaming\npm\node_modules\protractor\node_modules\selenium-webdriver\lib\promise.js:3067:27)Error
    at ElementArrayFinder.applyAction_ (C:\Users\Lenovo\AppData\Roaming\npm\node_modules\protractor\built\element.js:459:27)
    at ElementArrayFinder.(anonymous function).args [as click] (C:\Users\Lenovo\AppData\Roaming\npm\node_modules\protractor\built\element.js:91:29)
    at ElementFinder.(anonymous function).args [as click] (C:\Users\Lenovo\AppData\Roaming\npm\node_modules\protractor\built\element.js:831:22)
    at UserContext.<anonymous> (E:\College\2nd Year\2nd term\Software Engineering\Project\Protractor\TestingTeam\Specs\profilePageSpec.js:116:23)
    at C:\Users\Lenovo\AppData\Roaming\npm\node_modules\protractor\node_modules\jasminewd2\index.js:112:25
    at new ManagedPromise (C:\Users\Lenovo\AppData\Roaming\npm\node_modules\protractor\node_modules\selenium-webdriver\lib\promise.js:1077:7)
    at ControlFlow.promise (C:\Users\Lenovo\AppData\Roaming\npm\node_modules\protractor\node_modules\selenium-webdriver\lib\promise.js:2505:12)
    at schedulerExecute (C:\Users\Lenovo\AppData\Roaming\npm\node_modules\protractor\node_modules\jasminewd2\index.js:95:18)
    at TaskQueue.execute_ (C:\Users\Lenovo\AppData\Roaming\npm\node_modules\protractor\node_modules\selenium-webdriver\lib\promise.js:3084:14)
    at TaskQueue.executeNext_ (C:\Users\Lenovo\AppData\Roaming\npm\node_modules\protractor\node_modules\selenium-webdriver\lib\promise.js:3067:27)
From: Task: Run it("Should be directed to myBooks page") in control flow
    at ControlFlow.browser.driver.controlFlow.execute (E:\College\2nd Year\2nd term\Software Engineering\Project\Protractor\TestingTeam\Specs\homePageSpec.js:12:15)
    at UserContext.<anonymous> (C:\Users\Lenovo\AppData\Roaming\npm\node_modules\protractor\node_modules\jasminewd2\index.js:94:19)
    at attempt (C:\Users\Lenovo\AppData\Roaming\npm\node_modules\protractor\node_modules\jasmine-core\lib\jasmine-core\jasmine.js:4297:26)
    at QueueRunner.run (C:\Users\Lenovo\AppData\Roaming\npm\node_modules\protractor\node_modules\jasmine-core\lib\jasmine-core\jasmine.js:4217:20)
    at QueueRunner.execute (C:\Users\Lenovo\AppData\Roaming\npm\node_modules\protractor\node_modules\jasmine-core\lib\jasmine-core\jasmine.js:4199:10)
    at Spec.queueRunnerFactory (C:\Users\Lenovo\AppData\Roaming\npm\node_modules\protractor\node_modules\jasmine-core\lib\jasmine-core\jasmine.js:909:35)
    at Spec.execute (C:\Users\Lenovo\AppData\Roaming\npm\node_modules\protractor\node_modules\jasmine-core\lib\jasmine-core\jasmine.js:526:10)
    at UserContext.fn (C:\Users\Lenovo\AppData\Roaming\npm\node_modules\protractor\node_modules\jasmine-core\lib\jasmine-core\jasmine.js:5340:37)
    at attempt (C:\Users\Lenovo\AppData\Roaming\npm\node_modules\protractor\node_modules\jasmine-core\lib\jasmine-core\jasmine.js:4297:26)
    at QueueRunner.run (C:\Users\Lenovo\AppData\Roaming\npm\node_modules\protractor\node_modules\jasmine-core\lib\jasmine-core\jasmine.js:4217:20)
From asynchronous test: 
Error
    at Suite.<anonymous> (E:\College\2nd Year\2nd term\Software Engineering\Project\Protractor\TestingTeam\Specs\profilePageSpec.js:111:3)
    at addSpecsToSuite (C:\Users\Lenovo\AppData\Roaming\npm\node_modules\protractor\node_modules\jasmine-core\lib\jasmine-core\jasmine.js:1107:25)
    at Env.describe (C:\Users\Lenovo\AppData\Roaming\npm\node_modules\protractor\node_modules\jasmine-core\lib\jasmine-core\jasmine.js:1074:7)
    at describe (C:\Users\Lenovo\AppData\Roaming\npm\node_modules\protractor\node_modules\jasmine-core\lib\jasmine-core\jasmine.js:4399:18)
    at Object.<anonymous> (E:\College\2nd Year\2nd term\Software Engineering\Project\Protractor\TestingTeam\Specs\profilePageSpec.js:23:1)
    at Module._compile (internal/modules/cjs/loader.js:689:30)
    at Object.Module._extensions..js (internal/modules/cjs/loader.js:700:10)
    at Module.load (internal/modules/cjs/loader.js:599:32)
    at tryModuleLoad (internal/modules/cjs/loader.js:538:12)]]>
   </failure>
  </testcase>
 </testsuite>
</testsuites>